{"/Users/sathittham/Documents/Urbanice/Bot/lineBotLogger/linebotlogger/line-bot-msg-api/app.ts": {"path":"/Users/sathittham/Documents/Urbanice/Bot/lineBotLogger/linebotlogger/line-bot-msg-api/app.ts","all":false,"statementMap":{"0":{"start":{"line":1,"column":0},"end":{"line":1,"column":73}},"1":{"start":{"line":2,"column":0},"end":{"line":2,"column":53}},"2":{"start":{"line":3,"column":0},"end":{"line":3,"column":33}},"3":{"start":{"line":4,"column":0},"end":{"line":4,"column":16}},"4":{"start":{"line":5,"column":0},"end":{"line":5,"column":0}},"5":{"start":{"line":6,"column":0},"end":{"line":6,"column":41}},"6":{"start":{"line":7,"column":0},"end":{"line":7,"column":87}},"7":{"start":{"line":8,"column":0},"end":{"line":8,"column":27}},"8":{"start":{"line":9,"column":0},"end":{"line":9,"column":68}},"9":{"start":{"line":10,"column":0},"end":{"line":10,"column":57}},"10":{"start":{"line":11,"column":0},"end":{"line":11,"column":3}},"11":{"start":{"line":12,"column":0},"end":{"line":12,"column":0}},"12":{"start":{"line":13,"column":0},"end":{"line":13,"column":101}},"13":{"start":{"line":14,"column":0},"end":{"line":14,"column":90}},"14":{"start":{"line":15,"column":0},"end":{"line":15,"column":85}},"15":{"start":{"line":16,"column":0},"end":{"line":16,"column":94}},"16":{"start":{"line":17,"column":0},"end":{"line":17,"column":16}},"17":{"start":{"line":18,"column":0},"end":{"line":18,"column":28}},"18":{"start":{"line":19,"column":0},"end":{"line":19,"column":97}},"19":{"start":{"line":20,"column":0},"end":{"line":20,"column":10}},"20":{"start":{"line":21,"column":0},"end":{"line":21,"column":5}},"21":{"start":{"line":22,"column":0},"end":{"line":22,"column":0}},"22":{"start":{"line":23,"column":0},"end":{"line":23,"column":53}},"23":{"start":{"line":24,"column":0},"end":{"line":24,"column":22}},"24":{"start":{"line":25,"column":0},"end":{"line":25,"column":16}},"25":{"start":{"line":26,"column":0},"end":{"line":26,"column":28}},"26":{"start":{"line":27,"column":0},"end":{"line":27,"column":65}},"27":{"start":{"line":28,"column":0},"end":{"line":28,"column":10}},"28":{"start":{"line":29,"column":0},"end":{"line":29,"column":5}},"29":{"start":{"line":30,"column":0},"end":{"line":30,"column":0}},"30":{"start":{"line":31,"column":0},"end":{"line":31,"column":38}},"31":{"start":{"line":32,"column":0},"end":{"line":32,"column":71}},"32":{"start":{"line":33,"column":0},"end":{"line":33,"column":0}},"33":{"start":{"line":34,"column":0},"end":{"line":34,"column":9}},"34":{"start":{"line":35,"column":0},"end":{"line":35,"column":76}},"35":{"start":{"line":36,"column":0},"end":{"line":36,"column":0}},"36":{"start":{"line":37,"column":0},"end":{"line":37,"column":97}},"37":{"start":{"line":38,"column":0},"end":{"line":38,"column":26}},"38":{"start":{"line":39,"column":0},"end":{"line":39,"column":55}},"39":{"start":{"line":40,"column":0},"end":{"line":40,"column":81}},"40":{"start":{"line":41,"column":0},"end":{"line":41,"column":94}},"41":{"start":{"line":42,"column":0},"end":{"line":42,"column":56}},"42":{"start":{"line":43,"column":0},"end":{"line":43,"column":58}},"43":{"start":{"line":44,"column":0},"end":{"line":44,"column":0}},"44":{"start":{"line":45,"column":0},"end":{"line":45,"column":68}},"45":{"start":{"line":46,"column":0},"end":{"line":46,"column":0}},"46":{"start":{"line":47,"column":0},"end":{"line":47,"column":71}},"47":{"start":{"line":48,"column":0},"end":{"line":48,"column":83}},"48":{"start":{"line":49,"column":0},"end":{"line":49,"column":17}},"49":{"start":{"line":50,"column":0},"end":{"line":50,"column":93}},"50":{"start":{"line":51,"column":0},"end":{"line":51,"column":75}},"51":{"start":{"line":52,"column":0},"end":{"line":52,"column":15}},"52":{"start":{"line":53,"column":0},"end":{"line":53,"column":10}},"53":{"start":{"line":54,"column":0},"end":{"line":54,"column":0}},"54":{"start":{"line":55,"column":0},"end":{"line":55,"column":74}},"55":{"start":{"line":56,"column":0},"end":{"line":56,"column":16}},"56":{"start":{"line":57,"column":0},"end":{"line":57,"column":28}},"57":{"start":{"line":58,"column":0},"end":{"line":58,"column":56}},"58":{"start":{"line":59,"column":0},"end":{"line":59,"column":10}},"59":{"start":{"line":60,"column":0},"end":{"line":60,"column":19}},"60":{"start":{"line":61,"column":0},"end":{"line":61,"column":93}},"61":{"start":{"line":62,"column":0},"end":{"line":62,"column":16}},"62":{"start":{"line":63,"column":0},"end":{"line":63,"column":28}},"63":{"start":{"line":64,"column":0},"end":{"line":64,"column":74}},"64":{"start":{"line":65,"column":0},"end":{"line":65,"column":10}},"65":{"start":{"line":66,"column":0},"end":{"line":66,"column":5}},"66":{"start":{"line":67,"column":0},"end":{"line":67,"column":2}}},"s":{"0":1,"1":1,"2":7,"3":7,"4":7,"5":7,"6":7,"7":7,"8":1,"9":0,"10":0,"11":0,"12":1,"13":1,"14":1,"15":1,"16":1,"17":1,"18":1,"19":1,"20":1,"21":1,"22":1,"23":1,"24":1,"25":1,"26":1,"27":1,"28":1,"29":1,"30":1,"31":1,"32":1,"33":1,"34":1,"35":1,"36":1,"37":1,"38":1,"39":2,"40":2,"41":0,"42":0,"43":0,"44":0,"45":0,"46":2,"47":2,"48":1,"49":1,"50":1,"51":1,"52":1,"53":1,"54":1,"55":1,"56":1,"57":1,"58":1,"59":1,"60":1,"61":0,"62":0,"63":0,"64":0,"65":0,"66":0},"branchMap":{"0":{"type":"branch","line":1,"loc":{"start":{"line":1,"column":0},"end":{"line":67,"column":2}},"locations":[{"start":{"line":1,"column":0},"end":{"line":67,"column":2}}]},"1":{"type":"branch","line":1,"loc":{"start":{"line":1,"column":0},"end":{"line":67,"column":2}},"locations":[{"start":{"line":1,"column":0},"end":{"line":67,"column":2}}]},"2":{"type":"branch","line":10,"loc":{"start":{"line":10,"column":0},"end":{"line":13,"column":18}},"locations":[{"start":{"line":10,"column":0},"end":{"line":13,"column":18}}]},"3":{"type":"branch","line":15,"loc":{"start":{"line":15,"column":1},"end":{"line":15,"column":43}},"locations":[{"start":{"line":15,"column":1},"end":{"line":15,"column":43}}]},"4":{"type":"branch","line":37,"loc":{"start":{"line":37,"column":62},"end":{"line":37,"column":67}},"locations":[{"start":{"line":37,"column":62},"end":{"line":37,"column":67}}]},"5":{"type":"branch","line":38,"loc":{"start":{"line":38,"column":22},"end":{"line":39,"column":0}},"locations":[{"start":{"line":38,"column":22},"end":{"line":39,"column":0}}]},"6":{"type":"branch","line":2,"loc":{"start":{"line":2,"column":14},"end":{"line":9,"column":67}},"locations":[{"start":{"line":2,"column":14},"end":{"line":9,"column":67}}]},"7":{"type":"branch","line":7,"loc":{"start":{"line":7,"column":10},"end":{"line":7,"column":25}},"locations":[{"start":{"line":7,"column":10},"end":{"line":7,"column":25}}]},"8":{"type":"branch","line":7,"loc":{"start":{"line":7,"column":42},"end":{"line":7,"column":62}},"locations":[{"start":{"line":7,"column":42},"end":{"line":7,"column":62}}]},"9":{"type":"branch","line":8,"loc":{"start":{"line":8,"column":17},"end":{"line":9,"column":16}},"locations":[{"start":{"line":8,"column":17},"end":{"line":9,"column":16}}]},"10":{"type":"branch","line":10,"loc":{"start":{"line":10,"column":3},"end":{"line":13,"column":17}},"locations":[{"start":{"line":10,"column":3},"end":{"line":13,"column":17}}]},"11":{"type":"branch","line":14,"loc":{"start":{"line":14,"column":-1},"end":{"line":14,"column":90}},"locations":[{"start":{"line":14,"column":-1},"end":{"line":14,"column":90}}]},"12":{"type":"branch","line":16,"loc":{"start":{"line":16,"column":10},"end":{"line":23,"column":33}},"locations":[{"start":{"line":16,"column":10},"end":{"line":23,"column":33}}]},"13":{"type":"branch","line":16,"loc":{"start":{"line":16,"column":58},"end":{"line":16,"column":69}},"locations":[{"start":{"line":16,"column":58},"end":{"line":16,"column":69}}]},"14":{"type":"branch","line":18,"loc":{"start":{"line":18,"column":19},"end":{"line":19,"column":91}},"locations":[{"start":{"line":18,"column":19},"end":{"line":19,"column":91}}]},"15":{"type":"branch","line":39,"loc":{"start":{"line":39,"column":28},"end":{"line":67,"column":2}},"locations":[{"start":{"line":39,"column":28},"end":{"line":67,"column":2}}]},"16":{"type":"branch","line":41,"loc":{"start":{"line":41,"column":84},"end":{"line":47,"column":59}},"locations":[{"start":{"line":41,"column":84},"end":{"line":47,"column":59}}]},"17":{"type":"branch","line":48,"loc":{"start":{"line":48,"column":63},"end":{"line":67,"column":2}},"locations":[{"start":{"line":48,"column":63},"end":{"line":67,"column":2}}]}},"b":{"0":[1],"1":[1],"2":[0],"3":[0],"4":[0],"5":[0],"6":[7],"7":[0],"8":[0],"9":[1],"10":[0],"11":[1],"12":[1],"13":[0],"14":[7],"15":[2],"16":[0],"17":[1]},"fnMap":{"0":{"name":"Object.<anonymous>","decl":{"start":{"line":1,"column":0},"end":{"line":67,"column":2}},"loc":{"start":{"line":1,"column":0},"end":{"line":67,"column":2}},"line":1},"1":{"name":"get","decl":{"start":{"line":8,"column":17},"end":{"line":9,"column":16}},"loc":{"start":{"line":8,"column":17},"end":{"line":9,"column":16}},"line":8},"2":{"name":"Object.<anonymous>.__setModuleDefault","decl":{"start":{"line":15,"column":3},"end":{"line":15,"column":43}},"loc":{"start":{"line":15,"column":3},"end":{"line":15,"column":43}},"line":15},"3":{"name":"Object.<anonymous>.__importStar","decl":{"start":{"line":16,"column":10},"end":{"line":23,"column":33}},"loc":{"start":{"line":16,"column":10},"end":{"line":23,"column":33}},"line":16},"4":{"name":"lambdaHandler","decl":{"start":{"line":39,"column":28},"end":{"line":67,"column":2}},"loc":{"start":{"line":39,"column":28},"end":{"line":67,"column":2}},"line":39}},"f":{"0":1,"1":1,"2":0,"3":1,"4":2}}
}
