TN:
SF:app.ts
FN:1,Object.<anonymous>
FN:8,get
FN:15,Object.<anonymous>.__setModuleDefault
FN:16,Object.<anonymous>.__importStar
FN:39,lambdaHandler
FNF:5
FNH:4
FNDA:1,Object.<anonymous>
FNDA:1,get
FNDA:0,Object.<anonymous>.__setModuleDefault
FNDA:1,Object.<anonymous>.__importStar
FNDA:2,lambdaHandler
DA:1,1
DA:2,1
DA:3,7
DA:4,7
DA:5,7
DA:6,7
DA:7,7
DA:8,7
DA:9,1
DA:10,0
DA:11,0
DA:12,0
DA:13,1
DA:14,1
DA:15,1
DA:16,1
DA:17,1
DA:18,1
DA:19,1
DA:20,1
DA:21,1
DA:22,1
DA:23,1
DA:24,1
DA:25,1
DA:26,1
DA:27,1
DA:28,1
DA:29,1
DA:30,1
DA:31,1
DA:32,1
DA:33,1
DA:34,1
DA:35,1
DA:36,1
DA:37,1
DA:38,1
DA:39,1
DA:40,2
DA:41,2
DA:42,0
DA:43,0
DA:44,0
DA:45,0
DA:46,0
DA:47,2
DA:48,2
DA:49,1
DA:50,1
DA:51,1
DA:52,1
DA:53,1
DA:54,1
DA:55,1
DA:56,1
DA:57,1
DA:58,1
DA:59,1
DA:60,1
DA:61,1
DA:62,0
DA:63,0
DA:64,0
DA:65,0
DA:66,0
DA:67,0
LF:67
LH:53
BRDA:1,0,0,1
BRDA:1,1,0,1
BRDA:10,2,0,0
BRDA:15,3,0,0
BRDA:37,4,0,0
BRDA:38,5,0,0
BRDA:2,6,0,7
BRDA:7,7,0,0
BRDA:7,8,0,0
BRDA:8,9,0,1
BRDA:10,10,0,0
BRDA:14,11,0,1
BRDA:16,12,0,1
BRDA:16,13,0,0
BRDA:18,14,0,7
BRDA:39,15,0,2
BRDA:41,16,0,0
BRDA:48,17,0,1
BRF:18
BRH:9
end_of_record
