{"/Users/sathittham/Documents/Urbanice/Bot/lineBotLogger/linebotlogger/linelogger/app.ts": {"path":"/Users/sathittham/Documents/Urbanice/Bot/lineBotLogger/linebotlogger/linelogger/app.ts","all":false,"statementMap":{"0":{"start":{"line":1,"column":0},"end":{"line":1,"column":73}},"1":{"start":{"line":2,"column":0},"end":{"line":2,"column":45}},"2":{"start":{"line":3,"column":0},"end":{"line":3,"column":33}},"3":{"start":{"line":4,"column":0},"end":{"line":4,"column":16}},"4":{"start":{"line":5,"column":0},"end":{"line":5,"column":0}},"5":{"start":{"line":6,"column":0},"end":{"line":6,"column":3}},"6":{"start":{"line":7,"column":0},"end":{"line":7,"column":2}},"7":{"start":{"line":8,"column":0},"end":{"line":8,"column":161}},"8":{"start":{"line":9,"column":0},"end":{"line":9,"column":64}},"9":{"start":{"line":10,"column":0},"end":{"line":10,"column":2}},"10":{"start":{"line":11,"column":0},"end":{"line":11,"column":113}},"11":{"start":{"line":12,"column":0},"end":{"line":12,"column":68}},"12":{"start":{"line":13,"column":0},"end":{"line":13,"column":2}},"13":{"start":{"line":14,"column":0},"end":{"line":14,"column":3}},"14":{"start":{"line":15,"column":0},"end":{"line":15,"column":0}},"15":{"start":{"line":16,"column":0},"end":{"line":16,"column":101}},"16":{"start":{"line":17,"column":0},"end":{"line":17,"column":70}},"17":{"start":{"line":18,"column":0},"end":{"line":18,"column":63}},"18":{"start":{"line":19,"column":0},"end":{"line":19,"column":106}},"19":{"start":{"line":20,"column":0},"end":{"line":20,"column":94}},"20":{"start":{"line":21,"column":0},"end":{"line":21,"column":0}},"21":{"start":{"line":22,"column":0},"end":{"line":22,"column":53}},"22":{"start":{"line":23,"column":0},"end":{"line":23,"column":22}},"23":{"start":{"line":24,"column":0},"end":{"line":24,"column":16}},"24":{"start":{"line":25,"column":0},"end":{"line":25,"column":28}},"25":{"start":{"line":26,"column":0},"end":{"line":26,"column":65}},"26":{"start":{"line":27,"column":0},"end":{"line":27,"column":10}},"27":{"start":{"line":28,"column":0},"end":{"line":28,"column":5}},"28":{"start":{"line":29,"column":0},"end":{"line":29,"column":0}},"29":{"start":{"line":30,"column":0},"end":{"line":30,"column":38}},"30":{"start":{"line":31,"column":0},"end":{"line":31,"column":71}},"31":{"start":{"line":32,"column":0},"end":{"line":32,"column":0}},"32":{"start":{"line":33,"column":0},"end":{"line":33,"column":9}},"33":{"start":{"line":34,"column":0},"end":{"line":34,"column":76}},"34":{"start":{"line":35,"column":0},"end":{"line":35,"column":0}},"35":{"start":{"line":36,"column":0},"end":{"line":36,"column":42}},"36":{"start":{"line":37,"column":0},"end":{"line":37,"column":56}},"37":{"start":{"line":38,"column":0},"end":{"line":38,"column":55}},"38":{"start":{"line":39,"column":0},"end":{"line":39,"column":97}},"39":{"start":{"line":40,"column":0},"end":{"line":40,"column":100}},"40":{"start":{"line":41,"column":0},"end":{"line":41,"column":13}},"41":{"start":{"line":42,"column":0},"end":{"line":42,"column":9}},"42":{"start":{"line":43,"column":0},"end":{"line":43,"column":0}},"43":{"start":{"line":44,"column":0},"end":{"line":44,"column":74}},"44":{"start":{"line":45,"column":0},"end":{"line":45,"column":16}},"45":{"start":{"line":46,"column":0},"end":{"line":46,"column":28}},"46":{"start":{"line":47,"column":0},"end":{"line":47,"column":56}},"47":{"start":{"line":48,"column":0},"end":{"line":48,"column":10}},"48":{"start":{"line":49,"column":0},"end":{"line":49,"column":19}},"49":{"start":{"line":50,"column":0},"end":{"line":50,"column":56}},"50":{"start":{"line":51,"column":0},"end":{"line":51,"column":16}},"51":{"start":{"line":52,"column":0},"end":{"line":52,"column":28}},"52":{"start":{"line":53,"column":0},"end":{"line":53,"column":74}},"53":{"start":{"line":54,"column":0},"end":{"line":54,"column":10}},"54":{"start":{"line":55,"column":0},"end":{"line":55,"column":5}},"55":{"start":{"line":56,"column":0},"end":{"line":56,"column":2}}},"s":{"0":1,"1":1,"2":7,"3":7,"4":7,"5":7,"6":7,"7":7,"8":7,"9":1,"10":1,"11":1,"12":1,"13":1,"14":1,"15":1,"16":1,"17":1,"18":1,"19":1,"20":1,"21":1,"22":1,"23":1,"24":1,"25":1,"26":1,"27":1,"28":1,"29":1,"30":1,"31":1,"32":1,"33":1,"34":1,"35":1,"36":1,"37":1,"38":1,"39":2,"40":2,"41":2,"42":2,"43":2,"44":2,"45":2,"46":2,"47":2,"48":2,"49":2,"50":1,"51":1,"52":1,"53":1,"54":1,"55":1},"branchMap":{"0":{"type":"branch","line":1,"loc":{"start":{"line":1,"column":0},"end":{"line":56,"column":2}},"locations":[{"start":{"line":1,"column":0},"end":{"line":56,"column":2}}]},"1":{"type":"branch","line":1,"loc":{"start":{"line":1,"column":0},"end":{"line":56,"column":2}},"locations":[{"start":{"line":1,"column":0},"end":{"line":56,"column":2}}]},"2":{"type":"branch","line":10,"loc":{"start":{"line":10,"column":1},"end":{"line":11,"column":79}},"locations":[{"start":{"line":10,"column":1},"end":{"line":11,"column":79}}]},"3":{"type":"branch","line":16,"loc":{"start":{"line":16,"column":64},"end":{"line":17,"column":4}},"locations":[{"start":{"line":16,"column":64},"end":{"line":17,"column":4}}]},"4":{"type":"branch","line":2,"loc":{"start":{"line":2,"column":14},"end":{"line":9,"column":64}},"locations":[{"start":{"line":2,"column":14},"end":{"line":9,"column":64}}]},"5":{"type":"branch","line":8,"loc":{"start":{"line":8,"column":53},"end":{"line":8,"column":68}},"locations":[{"start":{"line":8,"column":53},"end":{"line":8,"column":68}}]},"6":{"type":"branch","line":8,"loc":{"start":{"line":8,"column":85},"end":{"line":8,"column":105}},"locations":[{"start":{"line":8,"column":85},"end":{"line":8,"column":105}}]},"7":{"type":"branch","line":8,"loc":{"start":{"line":8,"column":148},"end":{"line":9,"column":13}},"locations":[{"start":{"line":8,"column":148},"end":{"line":9,"column":13}}]},"8":{"type":"branch","line":11,"loc":{"start":{"line":11,"column":1},"end":{"line":11,"column":78}},"locations":[{"start":{"line":11,"column":1},"end":{"line":11,"column":78}}]},"9":{"type":"branch","line":12,"loc":{"start":{"line":12,"column":48},"end":{"line":16,"column":62}},"locations":[{"start":{"line":12,"column":48},"end":{"line":16,"column":62}}]},"10":{"type":"branch","line":17,"loc":{"start":{"line":17,"column":57},"end":{"line":21,"column":0}},"locations":[{"start":{"line":17,"column":57},"end":{"line":21,"column":0}}]},"11":{"type":"branch","line":18,"loc":{"start":{"line":18,"column":34},"end":{"line":18,"column":45}},"locations":[{"start":{"line":18,"column":34},"end":{"line":18,"column":45}}]},"12":{"type":"branch","line":19,"loc":{"start":{"line":19,"column":43},"end":{"line":20,"column":37}},"locations":[{"start":{"line":19,"column":43},"end":{"line":20,"column":37}}]},"13":{"type":"branch","line":39,"loc":{"start":{"line":39,"column":47},"end":{"line":56,"column":2}},"locations":[{"start":{"line":39,"column":47},"end":{"line":56,"column":2}}]},"14":{"type":"branch","line":44,"loc":{"start":{"line":44,"column":67},"end":{"line":45,"column":6}},"locations":[{"start":{"line":44,"column":67},"end":{"line":45,"column":6}}]},"15":{"type":"branch","line":47,"loc":{"start":{"line":47,"column":41},"end":{"line":47,"column":55}},"locations":[{"start":{"line":47,"column":41},"end":{"line":47,"column":55}}]},"16":{"type":"branch","line":50,"loc":{"start":{"line":50,"column":45},"end":{"line":56,"column":2}},"locations":[{"start":{"line":50,"column":45},"end":{"line":56,"column":2}}]}},"b":{"0":[1],"1":[1],"2":[0],"3":[0],"4":[7],"5":[0],"6":[0],"7":[1],"8":[0],"9":[1],"10":[1],"11":[0],"12":[7],"13":[2],"14":[0],"15":[0],"16":[1]},"fnMap":{"0":{"name":"Object.<anonymous>","decl":{"start":{"line":1,"column":0},"end":{"line":56,"column":2}},"loc":{"start":{"line":1,"column":0},"end":{"line":56,"column":2}},"line":1},"1":{"name":"get","decl":{"start":{"line":8,"column":148},"end":{"line":9,"column":13}},"loc":{"start":{"line":8,"column":148},"end":{"line":9,"column":13}},"line":8},"2":{"name":"Object.<anonymous>.__setModuleDefault","decl":{"start":{"line":16,"column":66},"end":{"line":17,"column":4}},"loc":{"start":{"line":16,"column":66},"end":{"line":17,"column":4}},"line":16},"3":{"name":"Object.<anonymous>.__importStar","decl":{"start":{"line":17,"column":57},"end":{"line":21,"column":0}},"loc":{"start":{"line":17,"column":57},"end":{"line":21,"column":0}},"line":17},"4":{"name":"lambdaHandler","decl":{"start":{"line":39,"column":47},"end":{"line":56,"column":2}},"loc":{"start":{"line":39,"column":47},"end":{"line":56,"column":2}},"line":39}},"f":{"0":1,"1":1,"2":0,"3":1,"4":2}}
}
