TN:
SF:app.ts
FN:1,Object.<anonymous>
FN:8,get
FN:16,Object.<anonymous>.__setModuleDefault
FN:17,Object.<anonymous>.__importStar
FN:39,lambdaHandler
FNF:5
FNH:4
FNDA:1,Object.<anonymous>
FNDA:1,get
FNDA:0,Object.<anonymous>.__setModuleDefault
FNDA:1,Object.<anonymous>.__importStar
FNDA:2,lambdaHandler
DA:1,1
DA:2,1
DA:3,7
DA:4,7
DA:5,7
DA:6,7
DA:7,7
DA:8,7
DA:9,7
DA:10,1
DA:11,1
DA:12,1
DA:13,1
DA:14,1
DA:15,1
DA:16,1
DA:17,1
DA:18,1
DA:19,1
DA:20,1
DA:21,1
DA:22,1
DA:23,1
DA:24,1
DA:25,1
DA:26,1
DA:27,1
DA:28,1
DA:29,1
DA:30,1
DA:31,1
DA:32,1
DA:33,1
DA:34,1
DA:35,1
DA:36,1
DA:37,1
DA:38,1
DA:39,1
DA:40,2
DA:41,2
DA:42,2
DA:43,2
DA:44,2
DA:45,2
DA:46,2
DA:47,2
DA:48,2
DA:49,2
DA:50,2
DA:51,1
DA:52,1
DA:53,1
DA:54,1
DA:55,1
DA:56,1
LF:56
LH:56
BRDA:1,0,0,1
BRDA:1,1,0,1
BRDA:10,2,0,0
BRDA:16,3,0,0
BRDA:2,4,0,7
BRDA:8,5,0,0
BRDA:8,6,0,0
BRDA:8,7,0,1
BRDA:11,8,0,0
BRDA:12,9,0,1
BRDA:17,10,0,1
BRDA:18,11,0,0
BRDA:19,12,0,7
BRDA:39,13,0,2
BRDA:44,14,0,0
BRDA:47,15,0,0
BRDA:50,16,0,1
BRF:17
BRH:9
end_of_record
